Tai khoan: , Ma the: , Seri: , Noi dung loi: Không log được thẻ (1), Thoi gian: 1502777197
Tai khoan: 6126+65, Ma the: sdfsdfdsf, Seri: sdfsdfds, Noi dung loi: Pin Field chỉ bao gồm chữ số., Thoi gian: 1502777213
Tai khoan: 6126+65, Ma the: sdfsdfdsf, Seri: sdfsdfds, Noi dung loi: Pin Field chỉ bao gồm chữ số., Thoi gian: 1502777430
Tai khoan: , Ma the: , Seri: , Noi dung loi: Không log được thẻ (1), Thoi gian: 1502778915
Tai khoan: , Ma the: , Seri: , Noi dung loi: Không log được thẻ (1), Thoi gian: 1502778990
Tai khoan: , Ma the: , Seri: , Noi dung loi: Không log được thẻ (1), Thoi gian: 1502793430
Tai khoan: , Ma the: , Seri: , Noi dung loi: Không log được thẻ (1), Thoi gian: 1502793441
Tai khoan: , Ma the: , Seri: , Noi dung loi: Không log được thẻ (1), Thoi gian: 1502793474
Tai khoan: , Ma the: , Seri: , Noi dung loi: Không log được thẻ (1), Thoi gian: 1502793517
Tai khoan: , Ma the: , Seri: , Noi dung loi: Không log được thẻ (1), Thoi gian: 1502793541
Tai khoan: , Ma the: , Seri: , Noi dung loi: Không log được thẻ (1), Thoi gian: 1502793578
Tai khoan: , Ma the: , Seri: , Noi dung loi: Không log được thẻ (1), Thoi gian: 1502793590
Tai khoan: , Ma the: , Seri: , Noi dung loi: Không log được thẻ (1), Thoi gian: 1502793607
Tai khoan: , Ma the: , Seri: , Noi dung loi: Không log được thẻ (1), Thoi gian: 1502793630
Tai khoan: , Ma the: , Seri: , Noi dung loi: Không log được thẻ (1), Thoi gian: 1502793678
Tai khoan: , Ma the: , Seri: , Noi dung loi: Không log được thẻ (1), Thoi gian: 1502793719
Tai khoan: , Ma the: , Seri: , Noi dung loi: Không log được thẻ (1), Thoi gian: 1502793743
Tai khoan: , Ma the: , Seri: , Noi dung loi: Không log được thẻ (1), Thoi gian: 1502793760
Tai khoan: , Ma the: , Seri: , Noi dung loi: Không log được thẻ (1), Thoi gian: 1502794133
Tai khoan: , Ma the: , Seri: , Noi dung loi: Không log được thẻ (1), Thoi gian: 1502794201
Tai khoan: , Ma the: , Seri: , Noi dung loi: Không log được thẻ (1), Thoi gian: 1502794208
Tai khoan: , Ma the: , Seri: , Noi dung loi: Không log được thẻ (1), Thoi gian: 1502794293
Tai khoan: , Ma the: , Seri: , Noi dung loi: Không log được thẻ (1), Thoi gian: 1502794327
Tai khoan: , Ma the: , Seri: , Noi dung loi: Không log được thẻ (1), Thoi gian: 1502794398
Tai khoan: , Ma the: , Seri: , Noi dung loi: Không log được thẻ (1), Thoi gian: 1502794555
Tai khoan: , Ma the: , Seri: , Noi dung loi: Không log được thẻ (1), Thoi gian: 1502794577
Tai khoan: , Ma the: , Seri: , Noi dung loi: Không log được thẻ (1), Thoi gian: 1502794649
Tai khoan: , Ma the: , Seri: , Noi dung loi: Không log được thẻ (1), Thoi gian: 1502794671
Tai khoan: , Ma the: , Seri: , Noi dung loi: Không log được thẻ (1), Thoi gian: 1502794678
Tai khoan: , Ma the: , Seri: , Noi dung loi: Không log được thẻ (1), Thoi gian: 1502794697
Tai khoan: , Ma the: , Seri: , Noi dung loi: Không log được thẻ (1), Thoi gian: 1502794700
Tai khoan: , Ma the: , Seri: , Noi dung loi: Không log được thẻ (1), Thoi gian: 1502794702
Tai khoan: , Ma the: , Seri: , Noi dung loi: Không log được thẻ (1), Thoi gian: 1502794714
Tai khoan: , Ma the: , Seri: , Noi dung loi: Không log được thẻ (1), Thoi gian: 1502794715
Tai khoan: , Ma the: , Seri: , Noi dung loi: Không log được thẻ (1), Thoi gian: 1502794715
Tai khoan: , Ma the: , Seri: , Noi dung loi: Không log được thẻ (1), Thoi gian: 1502794716
Tai khoan: , Ma the: , Seri: , Noi dung loi: Không log được thẻ (1), Thoi gian: 1502794717
Tai khoan: , Ma the: , Seri: , Noi dung loi: Không log được thẻ (1), Thoi gian: 1502794743
Tai khoan: , Ma the: , Seri: , Noi dung loi: Không log được thẻ (1), Thoi gian: 1502794745
Tai khoan: , Ma the: , Seri: , Noi dung loi: Không log được thẻ (1), Thoi gian: 1502794772
Tai khoan: , Ma the: , Seri: , Noi dung loi: Không log được thẻ (1), Thoi gian: 1502794777
Tai khoan: , Ma the: , Seri: , Noi dung loi: Không log được thẻ (1), Thoi gian: 1502794778
Tai khoan: , Ma the: , Seri: , Noi dung loi: Không log được thẻ (1), Thoi gian: 1502794801
Tai khoan: , Ma the: , Seri: , Noi dung loi: Không log được thẻ (1), Thoi gian: 1502794802
Tai khoan: , Ma the: , Seri: , Noi dung loi: Không log được thẻ (1), Thoi gian: 1502794803
Tai khoan: , Ma the: , Seri: , Noi dung loi: Không log được thẻ (1), Thoi gian: 1502794810
Tai khoan: , Ma the: , Seri: , Noi dung loi: Không log được thẻ (1), Thoi gian: 1502794812
Tai khoan: , Ma the: , Seri: , Noi dung loi: Không log được thẻ (1), Thoi gian: 1502794814
Tai khoan: , Ma the: , Seri: , Noi dung loi: Không log được thẻ (1), Thoi gian: 1502794847
Tai khoan: , Ma the: , Seri: , Noi dung loi: Không log được thẻ (1), Thoi gian: 1502794869
Tai khoan: , Ma the: , Seri: , Noi dung loi: Không log được thẻ (1), Thoi gian: 1502794930
Tai khoan: , Ma the: , Seri: , Noi dung loi: Không log được thẻ (1), Thoi gian: 1502794941
Tai khoan: , Ma the: , Seri: , Noi dung loi: Không log được thẻ (1), Thoi gian: 1502794942
Tai khoan: , Ma the: , Seri: , Noi dung loi: Không log được thẻ (1), Thoi gian: 1502794944
Tai khoan: , Ma the: , Seri: , Noi dung loi: Không log được thẻ (1), Thoi gian: 1502794944
Tai khoan: , Ma the: , Seri: , Noi dung loi: Không log được thẻ (1), Thoi gian: 1502794945
Tai khoan: , Ma the: , Seri: , Noi dung loi: Không log được thẻ (1), Thoi gian: 1502794947
Tai khoan: , Ma the: , Seri: , Noi dung loi: Không log được thẻ (1), Thoi gian: 1502794948
Tai khoan: , Ma the: , Seri: , Noi dung loi: Không log được thẻ (1), Thoi gian: 1502794949
Tai khoan: , Ma the: , Seri: , Noi dung loi: Không log được thẻ (1), Thoi gian: 1502794949
Tai khoan: , Ma the: , Seri: , Noi dung loi: Không log được thẻ (1), Thoi gian: 1502794949
Tai khoan: , Ma the: , Seri: , Noi dung loi: Không log được thẻ (1), Thoi gian: 1502794949
Tai khoan: , Ma the: , Seri: , Noi dung loi: Không log được thẻ (1), Thoi gian: 1502794949
Tai khoan: , Ma the: , Seri: , Noi dung loi: Không log được thẻ (1), Thoi gian: 1502794990
Tai khoan: , Ma the: , Seri: , Noi dung loi: Không log được thẻ (1), Thoi gian: 1502794992
Tai khoan: , Ma the: , Seri: , Noi dung loi: Không log được thẻ (1), Thoi gian: 1502794994
Tai khoan: , Ma the: , Seri: , Noi dung loi: Không log được thẻ (1), Thoi gian: 1502795004
Tai khoan: , Ma the: , Seri: , Noi dung loi: Không log được thẻ (1), Thoi gian: 1502796088
Tai khoan: , Ma the: , Seri: , Noi dung loi: , Thoi gian: 1502796144
Tai khoan: , Ma the: , Seri: , Noi dung loi: Array, Thoi gian: 1502796166
Tai khoan: , Ma the: , Seri: , Noi dung loi: Array, Thoi gian: 1502796170
Tai khoan: , Ma the: , Seri: , Noi dung loi: , Thoi gian: 1502796185
Tai khoan: , Ma the: , Seri: , Noi dung loi: Không log được thẻ (1), Thoi gian: 1502796456
Tai khoan: , Ma the: , Seri: , Noi dung loi: Không log được thẻ (1), Thoi gian: 1502796470
Tai khoan: , Ma the: , Seri: , Noi dung loi: , Thoi gian: 1502796485
Tai khoan: , Ma the: , Seri: , Noi dung loi: Không log được thẻ (1), Thoi gian: 1502796520
Tai khoan: , Ma the: , Seri: , Noi dung loi: Không log được thẻ (1), Thoi gian: 1502796535
Tai khoan: , Ma the: , Seri: , Noi dung loi: Không log được thẻ (1), Thoi gian: 1502796538
Tai khoan: , Ma the: , Seri: , Noi dung loi: Không log được thẻ (1), Thoi gian: 1502796548
Tai khoan: , Ma the: , Seri: , Noi dung loi: Không log được thẻ (1), Thoi gian: 1502796549
Tai khoan: , Ma the: , Seri: , Noi dung loi: Không log được thẻ (1), Thoi gian: 1502796550
Tai khoan: , Ma the: , Seri: , Noi dung loi: Không log được thẻ (1), Thoi gian: 1502796574
Tai khoan: , Ma the: , Seri: , Noi dung loi: Không log được thẻ (1), Thoi gian: 1502796590
Tai khoan: , Ma the: , Seri: , Noi dung loi: Không log được thẻ (1), Thoi gian: 1502796597
Tai khoan: , Ma the: , Seri: , Noi dung loi: Không log được thẻ (1), Thoi gian: 1502796616
Tai khoan: , Ma the: , Seri: , Noi dung loi: Không log được thẻ (1), Thoi gian: 1502796617
Tai khoan: , Ma the: , Seri: , Noi dung loi: Không log được thẻ (1), Thoi gian: 1502796625
Tai khoan: , Ma the: , Seri: , Noi dung loi: Không log được thẻ (1), Thoi gian: 1502796627
Tai khoan: , Ma the: , Seri: , Noi dung loi: Không log được thẻ (1), Thoi gian: 1502796633
Tai khoan: , Ma the: , Seri: , Noi dung loi: Không log được thẻ (1), Thoi gian: 1502796733
Tai khoan: , Ma the: , Seri: , Noi dung loi: Không log được thẻ (1), Thoi gian: 1502796818
Tai khoan: , Ma the: , Seri: , Noi dung loi: Không log được thẻ (1), Thoi gian: 1502796824
Tai khoan: , Ma the: , Seri: , Noi dung loi: , Thoi gian: 1502797344
Tai khoan: , Ma the: , Seri: , Noi dung loi: , Thoi gian: 1502802988
Tai khoan: , Ma the: , Seri: , Noi dung loi: , Thoi gian: 1502803054
Tai khoan: , Ma the: , Seri: , Noi dung loi: , Thoi gian: 1502803780
Tai khoan: , Ma the: , Seri: , Noi dung loi: , Thoi gian: 1502803788
Tai khoan: , Ma the: , Seri: , Noi dung loi: , Thoi gian: 1502803795
Tai khoan: , Ma the: , Seri: , Noi dung loi: , Thoi gian: 1502803796
Tai khoan: , Ma the: , Seri: , Noi dung loi: , Thoi gian: 1502803797
Tai khoan: , Ma the: , Seri: , Noi dung loi: , Thoi gian: 1502803797
Tai khoan: , Ma the: , Seri: , Noi dung loi: , Thoi gian: 1502803797
Tai khoan: , Ma the: , Seri: , Noi dung loi: , Thoi gian: 1502803799
Tai khoan: , Ma the: , Seri: , Noi dung loi: Không log được thẻ (1), Thoi gian: 1502840723
Tai khoan: , Ma the: , Seri: , Noi dung loi: Không log được thẻ (1), Thoi gian: 1502840757
Tai khoan: , Ma the: 1321321321321, Seri: 5465463212318, Noi dung loi: Thông tin thẻ không hợp lệ! Vui lòng thử lại sau!, Thoi gian: 1502840781
Tai khoan: , Ma the: , Seri: , Noi dung loi: Không log được thẻ (1), Thoi gian: 1502840815
Tai khoan: , Ma the: , Seri: , Noi dung loi: Không log được thẻ (1), Thoi gian: 1502840851
Tai khoan: , Ma the: , Seri: , Noi dung loi: Không log được thẻ (1), Thoi gian: 1502840910
Tai khoan: , Ma the: , Seri: , Noi dung loi: Không log được thẻ (1), Thoi gian: 1502840922
Tai khoan: , Ma the: , Seri: , Noi dung loi: Không log được thẻ (1), Thoi gian: 1502841777
Tai khoan: , Ma the: , Seri: , Noi dung loi: Không log được thẻ (1), Thoi gian: 1502841869
Tai khoan: , Ma the: , Seri: , Noi dung loi: Không log được thẻ (1), Thoi gian: 1502842032
Tai khoan: , Ma the: , Seri: , Noi dung loi: Không log được thẻ (1), Thoi gian: 1502842073
Tai khoan: , Ma the: , Seri: , Noi dung loi: Không log được thẻ (1), Thoi gian: 1502842102
Tai khoan: , Ma the: , Seri: , Noi dung loi: Không log được thẻ (1), Thoi gian: 1502842314
Tai khoan: , Ma the: , Seri: , Noi dung loi: Không log được thẻ (1), Thoi gian: 1502842333
Tai khoan: , Ma the: , Seri: , Noi dung loi: Không log được thẻ (1), Thoi gian: 1502842337
Tai khoan: , Ma the: , Seri: , Noi dung loi: Không log được thẻ (1), Thoi gian: 1502846755
Tai khoan: , Ma the: , Seri: , Noi dung loi: Không log được thẻ (1), Thoi gian: 1502846758
Tai khoan: , Ma the: , Seri: , Noi dung loi: Không log được thẻ (1), Thoi gian: 1502846761
Tai khoan: , Ma the: 4101, Seri: , Noi dung loi: Không log được thẻ (1), Thoi gian: 1502846764
Tai khoan: , Ma the: 0, Seri: 0, Noi dung loi: Pin Field is too short (minimum is 10 characters)., Thoi gian: 1502846768
Tai khoan: , Ma the: , Seri: , Noi dung loi: Không log được thẻ (1), Thoi gian: 1502857332
Tai khoan: , Ma the: , Seri: , Noi dung loi: Không log được thẻ (1), Thoi gian: 1502857335
Tai khoan: , Ma the: , Seri: , Noi dung loi: Không log được thẻ (1), Thoi gian: 1502857337
Tai khoan: , Ma the: , Seri: , Noi dung loi: Không log được thẻ (1), Thoi gian: 1502863127
Tai khoan: , Ma the: , Seri: , Noi dung loi: Không log được thẻ (1), Thoi gian: 1502932939
Tai khoan: , Ma the: , Seri: , Noi dung loi: Không log được thẻ (1), Thoi gian: 1502932942
Tai khoan: , Ma the: , Seri: , Noi dung loi: Không log được thẻ (1), Thoi gian: 1502937079
Tai khoan: , Ma the: , Seri: , Noi dung loi: Không log được thẻ (1), Thoi gian: 1502937081
Tai khoan: , Ma the: , Seri: , Noi dung loi: Không log được thẻ (1), Thoi gian: 1502965125
Tai khoan: , Ma the: , Seri: , Noi dung loi: Không log được thẻ (1), Thoi gian: 1502965128
Tai khoan: , Ma the: 1000, Seri: 10000, Noi dung loi: Pin Field is too short (minimum is 10 characters)., Thoi gian: 1502965135
Tai khoan: , Ma the: , Seri: , Noi dung loi: Không log được thẻ (1), Thoi gian: 1502966530
Tai khoan: , Ma the: , Seri: , Noi dung loi: Không log được thẻ (1), Thoi gian: 1502966533
Tai khoan: , Ma the: , Seri: , Noi dung loi: Không log được thẻ (1), Thoi gian: 1502966536
Tai khoan: , Ma the: 100000, Seri: , Noi dung loi: Không log được thẻ (1), Thoi gian: 1502966837
Tai khoan: , Ma the: 100000, Seri: , Noi dung loi: Không log được thẻ (1), Thoi gian: 1502966969
Tai khoan: , Ma the: 100000, Seri: , Noi dung loi: Không log được thẻ (1), Thoi gian: 1502966972
Tai khoan: , Ma the: 100000, Seri: , Noi dung loi: Không log được thẻ (1), Thoi gian: 1502967074
Tai khoan: , Ma the: 100000, Seri: , Noi dung loi: Không log được thẻ (1), Thoi gian: 1502967104
Tai khoan: , Ma the: 100000, Seri: , Noi dung loi: Không log được thẻ (1), Thoi gian: 1502967109
Tai khoan: , Ma the: , Seri: , Noi dung loi: Không log được thẻ (1), Thoi gian: 1502967230
Tai khoan: , Ma the: , Seri: , Noi dung loi: Không log được thẻ (1), Thoi gian: 1502967231
Tai khoan: , Ma the: , Seri: , Noi dung loi: Không log được thẻ (1), Thoi gian: 1502967271
Tai khoan: , Ma the: , Seri: , Noi dung loi: Không log được thẻ (1), Thoi gian: 1502967363
Tai khoan: , Ma the: , Seri: , Noi dung loi: Không log được thẻ (1), Thoi gian: 1502967506
Tai khoan: , Ma the: 10000, Seri: 10, Noi dung loi: Pin Field is too short (minimum is 10 characters)., Thoi gian: 1502992582
Tai khoan: , Ma the: 10000, Seri: 10, Noi dung loi: Pin Field is too short (minimum is 10 characters)., Thoi gian: 1502992714
Tai khoan: , Ma the: 10000, Seri: 10, Noi dung loi: Pin Field is too short (minimum is 10 characters)., Thoi gian: 1502992751
Tai khoan: , Ma the: 10000, Seri: 10, Noi dung loi: Pin Field is too short (minimum is 10 characters)., Thoi gian: 1502992753
Tai khoan: , Ma the: 10000, Seri: 10, Noi dung loi: Pin Field is too short (minimum is 10 characters)., Thoi gian: 1502992758
Tai khoan: , Ma the: 10000, Seri: 10, Noi dung loi: Pin Field is too short (minimum is 10 characters)., Thoi gian: 1502992918
Tai khoan: , Ma the: 10000000, Seri: 100000000, Noi dung loi: Pin Field is too short (minimum is 10 characters)., Thoi gian: 1502992934
Tai khoan: , Ma the: 10000000, Seri: 100000000, Noi dung loi: Pin Field is too short (minimum is 10 characters)., Thoi gian: 1502992939
Tai khoan: , Ma the: 100000000000, Seri: 1000000000000, Noi dung loi: Thẻ Mobifone serial phải đủ 15 kí tự, Thoi gian: 1502992945
Tai khoan: , Ma the: 100000000000, Seri: 1000000000000, Noi dung loi: Sai định dạng mã thẻ cào!, Thoi gian: 1502992953
Tai khoan: , Ma the: 10000, Seri: 10, Noi dung loi: Pin Field is too short (minimum is 10 characters)., Thoi gian: 1502993055
Tai khoan: , Ma the: 10000, Seri: 10, Noi dung loi: , Thoi gian: 1502993338
Tai khoan: , Ma the: 10000, Seri: 10, Noi dung loi: , Thoi gian: 1502993363
Tai khoan: , Ma the: 10000, Seri: 10, Noi dung loi: , Thoi gian: 1502993381
Tai khoan: , Ma the: 10000, Seri: 10, Noi dung loi: , Thoi gian: 1502993382
Tai khoan: , Ma the: , Seri: , Noi dung loi: Không log được thẻ (1), Thoi gian: 1503149734
Tai khoan: , Ma the: , Seri: , Noi dung loi: Không log được thẻ (1), Thoi gian: 1503149741
Tai khoan: , Ma the: , Seri: , Noi dung loi: Không log được thẻ (1), Thoi gian: 1503149889
Tai khoan: , Ma the: 7503140300666, Seri: 58321102378, Noi dung loi: Thẻ này đã bị sử dụng với mệnh giá: 10000 vnđ, Thoi gian: 1503149892
Tai khoan: , Ma the: 7503140300666, Seri: 58321102378, Noi dung loi: Thẻ này đã bị sử dụng với mệnh giá: 10000 vnđ, Thoi gian: 1503149899
Tai khoan: , Ma the: , Seri: , Noi dung loi: Không log được thẻ (1), Thoi gian: 1503150240
Tai khoan: , Ma the: 10000, Seri: 10, Noi dung loi: Pin Field is too short (minimum is 10 characters)., Thoi gian: 1503370604
